<?xml version="1.0" encoding="UTF-8"?>
<!-- Generated by org.testng.reporters.JUnitReportReporter -->
<testsuite hostname="Windows-Module.local" name="runners.MainRunner" tests="1" failures="0" timestamp="17 Jan 2021 22:41:51 GMT" time="20.024" errors="0">
  <testcase name="feature" time="20.024" classname="runners.MainRunner"/>
</testsuite> <!-- runners.MainRunner -->
