<?xml version="1.0" encoding="UTF-8"?>
<!-- Generated by org.testng.reporters.JUnitReportReporter -->
<testsuite hostname="Windows-Module.local" failures="0" tests="2" name="runners.MainRunner" time="10.779" errors="0" timestamp="12 Jan 2021 04:22:14 GMT">
  <testcase classname="runners.MainRunner" name="feature" time="6.218"/>
  <testcase classname="runners.MainRunner" name="feature" time="4.561"/>
</testsuite> <!-- runners.MainRunner -->
